  Assembling Main.asm...
Main.asm(1): error A2008: syntax error : .
Main.asm(2): error A2008: syntax error : .
\masm32\include\windows.inc(9750): error A2008: syntax error : dword
\masm32\include\windows.inc(10183): error A2008: syntax error : frame
\masm32\include\windows.inc(16333): error A2008: syntax error : dword
\masm32\include\windows.inc(18862): error A2008: syntax error : Frame
\masm32\include\windows.inc(24749): error A2042: statement too complex
\masm32\include\winextra.inc(11052): error A2026: constant expected
\masm32\include\winextra.inc(11053): error A2026: constant expected
Main.asm(32): error A2008: syntax error : invoke
Main.asm(34): error A2044: invalid character in file
Main.asm(37): error A2008: syntax error : GlobalAlloc
Main.asm(39): error A2008: syntax error : invoke
Main.asm(42): error A2008: syntax error : invoke
Main.asm(43): error A2008: syntax error : invoke
Main.asm(45): error A2008: syntax error : invoke
Main.asm(46): error A2008: syntax error : invoke
Main.asm(47): error A2008: syntax error : invoke
Main.asm(48): error A2008: syntax error : .
Main.asm(49): error A2008: syntax error : invoke
Main.asm(51): error A2008: syntax error : .
Main.asm(53): error A2008: syntax error : invoke
Main.asm(57): error A2008: syntax error : start
Main.asm(57): error A2088: END directive required at end of file
C:\Program Files\Microsoft Visual Studio\2022\Community\MSBuild\Microsoft\VC\v170\BuildCustomizations\masm.targets(70,5): error MSB3721: El comando "ml64.exe /c /nologo /Zi /Fo"x64\Debug\Main.obj" /W3 /errorReport:prompt  /TaMain.asm" salió con el código 1.
